{"C:\\Users\\webis\\Projects\\shri-homeworks\\07-React\\git-app\\src\\server\\src\\routes.js": {"path":"C:\\Users\\webis\\Projects\\shri-homeworks\\07-React\\git-app\\src\\server\\src\\routes.js","statementMap":{"0":{"start":{"line":1,"column":16},"end":{"line":1,"column":34}},"1":{"start":{"line":2,"column":14},"end":{"line":2,"column":30}},"2":{"start":{"line":3,"column":13},"end":{"line":3,"column":23}},"3":{"start":{"line":4,"column":15},"end":{"line":4,"column":31}},"4":{"start":{"line":6,"column":24},"end":{"line":6,"column":61}},"5":{"start":{"line":7,"column":19},"end":{"line":7,"column":51}},"6":{"start":{"line":8,"column":16},"end":{"line":8,"column":45}},"7":{"start":{"line":9,"column":28},"end":{"line":9,"column":69}},"8":{"start":{"line":10,"column":16},"end":{"line":10,"column":45}},"9":{"start":{"line":11,"column":24},"end":{"line":11,"column":61}},"10":{"start":{"line":12,"column":19},"end":{"line":12,"column":51}},"11":{"start":{"line":14,"column":22},"end":{"line":14,"column":31}},"12":{"start":{"line":17,"column":0},"end":{"line":19,"column":3}},"13":{"start":{"line":18,"column":2},"end":{"line":18,"column":26}},"14":{"start":{"line":22,"column":0},"end":{"line":24,"column":3}},"15":{"start":{"line":23,"column":2},"end":{"line":23,"column":49}},"16":{"start":{"line":27,"column":0},"end":{"line":40,"column":3}},"17":{"start":{"line":28,"column":39},"end":{"line":28,"column":49}},"18":{"start":{"line":29,"column":31},"end":{"line":29,"column":40}},"19":{"start":{"line":31,"column":17},"end":{"line":37,"column":4}},"20":{"start":{"line":39,"column":2},"end":{"line":39,"column":19}},"21":{"start":{"line":43,"column":0},"end":{"line":53,"column":3}},"22":{"start":{"line":44,"column":39},"end":{"line":44,"column":49}},"23":{"start":{"line":46,"column":17},"end":{"line":50,"column":4}},"24":{"start":{"line":52,"column":2},"end":{"line":52,"column":19}},"25":{"start":{"line":56,"column":0},"end":{"line":67,"column":3}},"26":{"start":{"line":57,"column":45},"end":{"line":57,"column":55}},"27":{"start":{"line":59,"column":17},"end":{"line":64,"column":4}},"28":{"start":{"line":66,"column":2},"end":{"line":66,"column":18}},"29":{"start":{"line":70,"column":0},"end":{"line":87,"column":3}},"30":{"start":{"line":71,"column":51},"end":{"line":71,"column":61}},"31":{"start":{"line":73,"column":17},"end":{"line":78,"column":4}},"32":{"start":{"line":80,"column":2},"end":{"line":86,"column":3}},"33":{"start":{"line":83,"column":4},"end":{"line":83,"column":20}},"34":{"start":{"line":85,"column":4},"end":{"line":85,"column":21}},"35":{"start":{"line":90,"column":0},"end":{"line":101,"column":3}},"36":{"start":{"line":91,"column":18},"end":{"line":91,"column":26}},"37":{"start":{"line":92,"column":27},"end":{"line":92,"column":37}},"38":{"start":{"line":94,"column":17},"end":{"line":98,"column":4}},"39":{"start":{"line":100,"column":2},"end":{"line":100,"column":19}},"40":{"start":{"line":104,"column":0},"end":{"line":113,"column":3}},"41":{"start":{"line":105,"column":27},"end":{"line":105,"column":37}},"42":{"start":{"line":107,"column":17},"end":{"line":110,"column":4}},"43":{"start":{"line":112,"column":2},"end":{"line":112,"column":19}},"44":{"start":{"line":116,"column":0},"end":{"line":118,"column":3}},"45":{"start":{"line":117,"column":2},"end":{"line":117,"column":52}},"46":{"start":{"line":120,"column":0},"end":{"line":120,"column":24}}},"fnMap":{"0":{"name":"(anonymous_0)","decl":{"start":{"line":17,"column":16},"end":{"line":17,"column":17}},"loc":{"start":{"line":17,"column":36},"end":{"line":19,"column":1}},"line":17},"1":{"name":"(anonymous_1)","decl":{"start":{"line":22,"column":26},"end":{"line":22,"column":27}},"loc":{"start":{"line":22,"column":46},"end":{"line":24,"column":1}},"line":22},"2":{"name":"(anonymous_2)","decl":{"start":{"line":27,"column":59},"end":{"line":27,"column":60}},"loc":{"start":{"line":27,"column":79},"end":{"line":40,"column":1}},"line":27},"3":{"name":"(anonymous_3)","decl":{"start":{"line":43,"column":64},"end":{"line":43,"column":65}},"loc":{"start":{"line":43,"column":84},"end":{"line":53,"column":1}},"line":43},"4":{"name":"(anonymous_4)","decl":{"start":{"line":56,"column":102},"end":{"line":56,"column":103}},"loc":{"start":{"line":56,"column":122},"end":{"line":67,"column":1}},"line":56},"5":{"name":"(anonymous_5)","decl":{"start":{"line":70,"column":75},"end":{"line":70,"column":76}},"loc":{"start":{"line":70,"column":95},"end":{"line":87,"column":1}},"line":70},"6":{"name":"(anonymous_6)","decl":{"start":{"line":90,"column":40},"end":{"line":90,"column":41}},"loc":{"start":{"line":90,"column":59},"end":{"line":101,"column":1}},"line":90},"7":{"name":"(anonymous_7)","decl":{"start":{"line":104,"column":42},"end":{"line":104,"column":43}},"loc":{"start":{"line":104,"column":61},"end":{"line":113,"column":1}},"line":104},"8":{"name":"(anonymous_8)","decl":{"start":{"line":116,"column":16},"end":{"line":116,"column":17}},"loc":{"start":{"line":116,"column":36},"end":{"line":118,"column":1}},"line":116}},"branchMap":{"0":{"loc":{"start":{"line":80,"column":2},"end":{"line":86,"column":3}},"type":"if","locations":[{"start":{"line":80,"column":2},"end":{"line":86,"column":3}},{"start":{"line":80,"column":2},"end":{"line":86,"column":3}}],"line":80}},"s":{"0":1,"1":1,"2":1,"3":1,"4":1,"5":1,"6":1,"7":1,"8":1,"9":1,"10":1,"11":1,"12":1,"13":1,"14":1,"15":2,"16":1,"17":4,"18":4,"19":4,"20":4,"21":1,"22":2,"23":2,"24":2,"25":1,"26":3,"27":3,"28":3,"29":1,"30":2,"31":2,"32":2,"33":1,"34":1,"35":1,"36":3,"37":3,"38":3,"39":3,"40":1,"41":2,"42":2,"43":2,"44":1,"45":1,"46":1},"f":{"0":1,"1":2,"2":4,"3":2,"4":3,"5":2,"6":3,"7":2,"8":1},"b":{"0":[1,1]},"_coverageSchema":"43e27e138ebf9cfc5966b082cf9a028302ed4184","hash":"05a777b7f62e7f4425badc0278797bc0756383a0"}
,"C:\\Users\\webis\\Projects\\shri-homeworks\\07-React\\git-app\\src\\server\\src\\server.js": {"path":"C:\\Users\\webis\\Projects\\shri-homeworks\\07-React\\git-app\\src\\server\\src\\server.js","statementMap":{"0":{"start":{"line":1,"column":16},"end":{"line":1,"column":34}},"1":{"start":{"line":2,"column":13},"end":{"line":2,"column":28}},"2":{"start":{"line":3,"column":19},"end":{"line":3,"column":41}},"3":{"start":{"line":4,"column":15},"end":{"line":4,"column":34}},"4":{"start":{"line":6,"column":12},"end":{"line":6,"column":21}},"5":{"start":{"line":7,"column":0},"end":{"line":7,"column":16}},"6":{"start":{"line":8,"column":0},"end":{"line":8,"column":24}},"7":{"start":{"line":9,"column":0},"end":{"line":9,"column":16}},"8":{"start":{"line":15,"column":0},"end":{"line":15,"column":21}}},"fnMap":{},"branchMap":{},"s":{"0":1,"1":1,"2":1,"3":1,"4":1,"5":1,"6":1,"7":1,"8":1},"f":{},"b":{},"_coverageSchema":"43e27e138ebf9cfc5966b082cf9a028302ed4184","hash":"f0e2afb428c7fc0964e8488736c5540278689dc5"}
,"C:\\Users\\webis\\Projects\\shri-homeworks\\07-React\\git-app\\src\\server\\src\\handlers\\deleteRepo.js": {"path":"C:\\Users\\webis\\Projects\\shri-homeworks\\07-React\\git-app\\src\\server\\src\\handlers\\deleteRepo.js","statementMap":{"0":{"start":{"line":1,"column":13},"end":{"line":1,"column":28}},"1":{"start":{"line":2,"column":15},"end":{"line":2,"column":32}},"2":{"start":{"line":4,"column":20},"end":{"line":4,"column":51}},"3":{"start":{"line":6,"column":0},"end":{"line":22,"column":2}},"4":{"start":{"line":7,"column":42},"end":{"line":7,"column":48}},"5":{"start":{"line":8,"column":20},"end":{"line":8,"column":61}},"6":{"start":{"line":10,"column":19},"end":{"line":10,"column":47}},"7":{"start":{"line":12,"column":2},"end":{"line":21,"column":3}},"8":{"start":{"line":13,"column":4},"end":{"line":18,"column":5}},"9":{"start":{"line":14,"column":6},"end":{"line":14,"column":40}},"10":{"start":{"line":15,"column":6},"end":{"line":15,"column":52}},"11":{"start":{"line":17,"column":6},"end":{"line":17,"column":37}},"12":{"start":{"line":20,"column":4},"end":{"line":20,"column":52}}},"fnMap":{"0":{"name":"(anonymous_0)","decl":{"start":{"line":6,"column":30},"end":{"line":6,"column":31}},"loc":{"start":{"line":6,"column":48},"end":{"line":22,"column":1}},"line":6},"1":{"name":"(anonymous_1)","decl":{"start":{"line":14,"column":30},"end":{"line":14,"column":31}},"loc":{"start":{"line":14,"column":36},"end":{"line":14,"column":38}},"line":14}},"branchMap":{"0":{"loc":{"start":{"line":12,"column":2},"end":{"line":21,"column":3}},"type":"if","locations":[{"start":{"line":12,"column":2},"end":{"line":21,"column":3}},{"start":{"line":12,"column":2},"end":{"line":21,"column":3}}],"line":12}},"s":{"0":1,"1":1,"2":1,"3":1,"4":2,"5":2,"6":2,"7":2,"8":1,"9":1,"10":1,"11":0,"12":1},"f":{"0":2,"1":0},"b":{"0":[1,1]},"_coverageSchema":"43e27e138ebf9cfc5966b082cf9a028302ed4184","hash":"9ad8698ebf133806461cbfc6a928c5317dd1a132"}
,"C:\\Users\\webis\\Projects\\shri-homeworks\\07-React\\git-app\\src\\server\\src\\handlers\\getAllFilesByCommit.js": {"path":"C:\\Users\\webis\\Projects\\shri-homeworks\\07-React\\git-app\\src\\server\\src\\handlers\\getAllFilesByCommit.js","statementMap":{"0":{"start":{"line":1,"column":15},"end":{"line":1,"column":30}},"1":{"start":{"line":2,"column":11},"end":{"line":2,"column":35}},"2":{"start":{"line":3,"column":13},"end":{"line":3,"column":28}},"3":{"start":{"line":4,"column":18},"end":{"line":4,"column":41}},"4":{"start":{"line":6,"column":0},"end":{"line":28,"column":2}},"5":{"start":{"line":7,"column":60},"end":{"line":7,"column":66}},"6":{"start":{"line":8,"column":14},"end":{"line":8,"column":57}},"7":{"start":{"line":9,"column":16},"end":{"line":9,"column":20}},"8":{"start":{"line":12,"column":2},"end":{"line":18,"column":3}},"9":{"start":{"line":13,"column":4},"end":{"line":13,"column":62}},"10":{"start":{"line":14,"column":9},"end":{"line":18,"column":3}},"11":{"start":{"line":15,"column":4},"end":{"line":15,"column":54}},"12":{"start":{"line":16,"column":9},"end":{"line":18,"column":3}},"13":{"start":{"line":17,"column":4},"end":{"line":17,"column":47}},"14":{"start":{"line":20,"column":2},"end":{"line":27,"column":3}},"15":{"start":{"line":21,"column":23},"end":{"line":21,"column":56}},"16":{"start":{"line":22,"column":21},"end":{"line":22,"column":50}},"17":{"start":{"line":23,"column":30},"end":{"line":23,"column":57}},"18":{"start":{"line":23,"column":54},"end":{"line":23,"column":56}},"19":{"start":{"line":24,"column":4},"end":{"line":24,"column":40}},"20":{"start":{"line":26,"column":4},"end":{"line":26,"column":30}}},"fnMap":{"0":{"name":"(anonymous_0)","decl":{"start":{"line":6,"column":39},"end":{"line":6,"column":40}},"loc":{"start":{"line":6,"column":57},"end":{"line":28,"column":1}},"line":6},"1":{"name":"(anonymous_1)","decl":{"start":{"line":23,"column":46},"end":{"line":23,"column":47}},"loc":{"start":{"line":23,"column":54},"end":{"line":23,"column":56}},"line":23}},"branchMap":{"0":{"loc":{"start":{"line":12,"column":2},"end":{"line":18,"column":3}},"type":"if","locations":[{"start":{"line":12,"column":2},"end":{"line":18,"column":3}},{"start":{"line":12,"column":2},"end":{"line":18,"column":3}}],"line":12},"1":{"loc":{"start":{"line":12,"column":6},"end":{"line":12,"column":24}},"type":"binary-expr","locations":[{"start":{"line":12,"column":6},"end":{"line":12,"column":16}},{"start":{"line":12,"column":20},"end":{"line":12,"column":24}}],"line":12},"2":{"loc":{"start":{"line":14,"column":9},"end":{"line":18,"column":3}},"type":"if","locations":[{"start":{"line":14,"column":9},"end":{"line":18,"column":3}},{"start":{"line":14,"column":9},"end":{"line":18,"column":3}}],"line":14},"3":{"loc":{"start":{"line":14,"column":13},"end":{"line":14,"column":32}},"type":"binary-expr","locations":[{"start":{"line":14,"column":13},"end":{"line":14,"column":23}},{"start":{"line":14,"column":27},"end":{"line":14,"column":32}}],"line":14},"4":{"loc":{"start":{"line":16,"column":9},"end":{"line":18,"column":3}},"type":"if","locations":[{"start":{"line":16,"column":9},"end":{"line":18,"column":3}},{"start":{"line":16,"column":9},"end":{"line":18,"column":3}}],"line":16},"5":{"loc":{"start":{"line":16,"column":13},"end":{"line":16,"column":33}},"type":"binary-expr","locations":[{"start":{"line":16,"column":13},"end":{"line":16,"column":24}},{"start":{"line":16,"column":28},"end":{"line":16,"column":33}}],"line":16}},"s":{"0":1,"1":1,"2":1,"3":1,"4":1,"5":3,"6":3,"7":3,"8":3,"9":0,"10":3,"11":1,"12":2,"13":2,"14":3,"15":3,"16":1,"17":1,"18":3,"19":1,"20":2},"f":{"0":3,"1":3},"b":{"0":[0,3],"1":[3,1],"2":[1,2],"3":[3,1],"4":[2,0],"5":[2,2]},"_coverageSchema":"43e27e138ebf9cfc5966b082cf9a028302ed4184","hash":"18f874fe4817b912b5b7b9794677d793c19a4729"}
,"C:\\Users\\webis\\Projects\\shri-homeworks\\07-React\\git-app\\src\\server\\src\\handlers\\getAllRepoFiles.js": {"path":"C:\\Users\\webis\\Projects\\shri-homeworks\\07-React\\git-app\\src\\server\\src\\handlers\\getAllRepoFiles.js","statementMap":{"0":{"start":{"line":1,"column":32},"end":{"line":1,"column":75}},"1":{"start":{"line":3,"column":0},"end":{"line":10,"column":2}},"2":{"start":{"line":4,"column":2},"end":{"line":9,"column":3}},"3":{"start":{"line":5,"column":17},"end":{"line":5,"column":61}},"4":{"start":{"line":6,"column":4},"end":{"line":6,"column":17}},"5":{"start":{"line":8,"column":4},"end":{"line":8,"column":29}}},"fnMap":{"0":{"name":"(anonymous_0)","decl":{"start":{"line":3,"column":35},"end":{"line":3,"column":36}},"loc":{"start":{"line":3,"column":60},"end":{"line":10,"column":1}},"line":3}},"branchMap":{},"s":{"0":1,"1":1,"2":2,"3":2,"4":2,"5":0},"f":{"0":2},"b":{},"_coverageSchema":"43e27e138ebf9cfc5966b082cf9a028302ed4184","hash":"d5cfc40d8fe999404b46f24946b19caee48dbdd8"}
,"C:\\Users\\webis\\Projects\\shri-homeworks\\07-React\\git-app\\src\\server\\src\\handlers\\getBlob.js": {"path":"C:\\Users\\webis\\Projects\\shri-homeworks\\07-React\\git-app\\src\\server\\src\\handlers\\getBlob.js","statementMap":{"0":{"start":{"line":1,"column":13},"end":{"line":1,"column":28}},"1":{"start":{"line":2,"column":11},"end":{"line":2,"column":35}},"2":{"start":{"line":3,"column":13},"end":{"line":3,"column":28}},"3":{"start":{"line":4,"column":18},"end":{"line":4,"column":41}},"4":{"start":{"line":5,"column":16},"end":{"line":5,"column":47}},"5":{"start":{"line":7,"column":0},"end":{"line":19,"column":2}},"6":{"start":{"line":8,"column":66},"end":{"line":8,"column":72}},"7":{"start":{"line":9,"column":18},"end":{"line":9,"column":56}},"8":{"start":{"line":10,"column":14},"end":{"line":10,"column":55}},"9":{"start":{"line":12,"column":2},"end":{"line":18,"column":3}},"10":{"start":{"line":13,"column":23},"end":{"line":13,"column":56}},"11":{"start":{"line":14,"column":17},"end":{"line":14,"column":61}},"12":{"start":{"line":15,"column":4},"end":{"line":15,"column":43}},"13":{"start":{"line":17,"column":4},"end":{"line":17,"column":29}}},"fnMap":{"0":{"name":"(anonymous_0)","decl":{"start":{"line":7,"column":27},"end":{"line":7,"column":28}},"loc":{"start":{"line":7,"column":45},"end":{"line":19,"column":1}},"line":7}},"branchMap":{},"s":{"0":1,"1":1,"2":1,"3":1,"4":1,"5":1,"6":2,"7":2,"8":2,"9":2,"10":2,"11":1,"12":1,"13":1},"f":{"0":2},"b":{},"_coverageSchema":"43e27e138ebf9cfc5966b082cf9a028302ed4184","hash":"7aa390665045c0efc5d3664756fb39045c6e8daa"}
,"C:\\Users\\webis\\Projects\\shri-homeworks\\07-React\\git-app\\src\\server\\src\\handlers\\getCommits.js": {"path":"C:\\Users\\webis\\Projects\\shri-homeworks\\07-React\\git-app\\src\\server\\src\\handlers\\getCommits.js","statementMap":{"0":{"start":{"line":1,"column":13},"end":{"line":1,"column":28}},"1":{"start":{"line":2,"column":11},"end":{"line":2,"column":35}},"2":{"start":{"line":3,"column":13},"end":{"line":3,"column":28}},"3":{"start":{"line":4,"column":18},"end":{"line":4,"column":41}},"4":{"start":{"line":6,"column":29},"end":{"line":6,"column":69}},"5":{"start":{"line":7,"column":18},"end":{"line":7,"column":47}},"6":{"start":{"line":9,"column":0},"end":{"line":29,"column":2}},"7":{"start":{"line":10,"column":72},"end":{"line":10,"column":78}},"8":{"start":{"line":11,"column":18},"end":{"line":11,"column":22}},"9":{"start":{"line":12,"column":14},"end":{"line":12,"column":55}},"10":{"start":{"line":13,"column":16},"end":{"line":13,"column":20}},"11":{"start":{"line":15,"column":2},"end":{"line":19,"column":3}},"12":{"start":{"line":16,"column":4},"end":{"line":16,"column":167}},"13":{"start":{"line":18,"column":4},"end":{"line":18,"column":120}},"14":{"start":{"line":21,"column":2},"end":{"line":28,"column":3}},"15":{"start":{"line":22,"column":21},"end":{"line":22,"column":54}},"16":{"start":{"line":23,"column":24},"end":{"line":23,"column":80}},"17":{"start":{"line":24,"column":26},"end":{"line":24,"column":75}},"18":{"start":{"line":25,"column":4},"end":{"line":25,"column":39}},"19":{"start":{"line":27,"column":4},"end":{"line":27,"column":29}}},"fnMap":{"0":{"name":"(anonymous_0)","decl":{"start":{"line":9,"column":30},"end":{"line":9,"column":31}},"loc":{"start":{"line":9,"column":48},"end":{"line":29,"column":1}},"line":9}},"branchMap":{"0":{"loc":{"start":{"line":15,"column":2},"end":{"line":19,"column":3}},"type":"if","locations":[{"start":{"line":15,"column":2},"end":{"line":19,"column":3}},{"start":{"line":15,"column":2},"end":{"line":19,"column":3}}],"line":15},"1":{"loc":{"start":{"line":15,"column":6},"end":{"line":15,"column":24}},"type":"binary-expr","locations":[{"start":{"line":15,"column":6},"end":{"line":15,"column":10}},{"start":{"line":15,"column":14},"end":{"line":15,"column":24}}],"line":15}},"s":{"0":1,"1":1,"2":1,"3":1,"4":1,"5":1,"6":1,"7":4,"8":4,"9":4,"10":4,"11":4,"12":1,"13":3,"14":4,"15":4,"16":2,"17":2,"18":2,"19":2},"f":{"0":4},"b":{"0":[1,3],"1":[4,1]},"_coverageSchema":"43e27e138ebf9cfc5966b082cf9a028302ed4184","hash":"0b5dfc3b1f5c246b7d4859885fed135fd86876a2"}
,"C:\\Users\\webis\\Projects\\shri-homeworks\\07-React\\git-app\\src\\server\\src\\handlers\\getDiff.js": {"path":"C:\\Users\\webis\\Projects\\shri-homeworks\\07-React\\git-app\\src\\server\\src\\handlers\\getDiff.js","statementMap":{"0":{"start":{"line":1,"column":13},"end":{"line":1,"column":28}},"1":{"start":{"line":2,"column":11},"end":{"line":2,"column":35}},"2":{"start":{"line":3,"column":13},"end":{"line":3,"column":28}},"3":{"start":{"line":4,"column":18},"end":{"line":4,"column":41}},"4":{"start":{"line":6,"column":0},"end":{"line":19,"column":2}},"5":{"start":{"line":7,"column":54},"end":{"line":7,"column":60}},"6":{"start":{"line":9,"column":18},"end":{"line":9,"column":57}},"7":{"start":{"line":10,"column":14},"end":{"line":10,"column":55}},"8":{"start":{"line":12,"column":2},"end":{"line":18,"column":3}},"9":{"start":{"line":13,"column":23},"end":{"line":13,"column":56}},"10":{"start":{"line":14,"column":25},"end":{"line":14,"column":42}},"11":{"start":{"line":15,"column":4},"end":{"line":15,"column":34}},"12":{"start":{"line":17,"column":4},"end":{"line":17,"column":36}}},"fnMap":{"0":{"name":"(anonymous_0)","decl":{"start":{"line":6,"column":27},"end":{"line":6,"column":28}},"loc":{"start":{"line":6,"column":45},"end":{"line":19,"column":1}},"line":6}},"branchMap":{},"s":{"0":1,"1":1,"2":1,"3":1,"4":1,"5":2,"6":2,"7":2,"8":2,"9":2,"10":1,"11":1,"12":1},"f":{"0":2},"b":{},"_coverageSchema":"43e27e138ebf9cfc5966b082cf9a028302ed4184","hash":"0c0d89d7a1a796ec7c655828c52f1b7a5c8ac0dc"}
,"C:\\Users\\webis\\Projects\\shri-homeworks\\07-React\\git-app\\src\\server\\src\\handlers\\getDownloadRepo.js": {"path":"C:\\Users\\webis\\Projects\\shri-homeworks\\07-React\\git-app\\src\\server\\src\\handlers\\getDownloadRepo.js","statementMap":{"0":{"start":{"line":1,"column":13},"end":{"line":1,"column":28}},"1":{"start":{"line":2,"column":11},"end":{"line":2,"column":35}},"2":{"start":{"line":3,"column":13},"end":{"line":3,"column":28}},"3":{"start":{"line":4,"column":18},"end":{"line":4,"column":41}},"4":{"start":{"line":6,"column":20},"end":{"line":6,"column":51}},"5":{"start":{"line":8,"column":0},"end":{"line":25,"column":2}},"6":{"start":{"line":9,"column":47},"end":{"line":9,"column":53}},"7":{"start":{"line":10,"column":18},"end":{"line":10,"column":52}},"8":{"start":{"line":11,"column":14},"end":{"line":11,"column":32}},"9":{"start":{"line":13,"column":19},"end":{"line":13,"column":69}},"10":{"start":{"line":15,"column":2},"end":{"line":24,"column":3}},"11":{"start":{"line":16,"column":4},"end":{"line":21,"column":5}},"12":{"start":{"line":17,"column":6},"end":{"line":17,"column":40}},"13":{"start":{"line":18,"column":6},"end":{"line":18,"column":87}},"14":{"start":{"line":20,"column":6},"end":{"line":20,"column":62}},"15":{"start":{"line":23,"column":4},"end":{"line":23,"column":89}}},"fnMap":{"0":{"name":"(anonymous_0)","decl":{"start":{"line":8,"column":41},"end":{"line":8,"column":42}},"loc":{"start":{"line":8,"column":59},"end":{"line":25,"column":1}},"line":8}},"branchMap":{"0":{"loc":{"start":{"line":15,"column":2},"end":{"line":24,"column":3}},"type":"if","locations":[{"start":{"line":15,"column":2},"end":{"line":24,"column":3}},{"start":{"line":15,"column":2},"end":{"line":24,"column":3}}],"line":15}},"s":{"0":1,"1":1,"2":1,"3":1,"4":1,"5":1,"6":3,"7":3,"8":3,"9":3,"10":3,"11":2,"12":2,"13":1,"14":1,"15":1},"f":{"0":3},"b":{"0":[2,1]},"_coverageSchema":"43e27e138ebf9cfc5966b082cf9a028302ed4184","hash":"f2c8316e2598d975a1053d84127fe9ac85c927e8"}
,"C:\\Users\\webis\\Projects\\shri-homeworks\\07-React\\git-app\\src\\server\\src\\utils\\getAllFilesInsideFolder.js": {"path":"C:\\Users\\webis\\Projects\\shri-homeworks\\07-React\\git-app\\src\\server\\src\\utils\\getAllFilesInsideFolder.js","statementMap":{"0":{"start":{"line":1,"column":13},"end":{"line":1,"column":28}},"1":{"start":{"line":2,"column":13},"end":{"line":2,"column":28}},"2":{"start":{"line":3,"column":11},"end":{"line":3,"column":24}},"3":{"start":{"line":4,"column":21},"end":{"line":4,"column":47}},"4":{"start":{"line":5,"column":20},"end":{"line":5,"column":44}},"5":{"start":{"line":7,"column":0},"end":{"line":32,"column":2}},"6":{"start":{"line":8,"column":2},"end":{"line":31,"column":3}},"7":{"start":{"line":9,"column":23},"end":{"line":9,"column":59}},"8":{"start":{"line":10,"column":4},"end":{"line":28,"column":5}},"9":{"start":{"line":11,"column":19},"end":{"line":11,"column":21}},"10":{"start":{"line":12,"column":20},"end":{"line":12,"column":43}},"11":{"start":{"line":13,"column":29},"end":{"line":13,"column":71}},"12":{"start":{"line":13,"column":47},"end":{"line":13,"column":70}},"13":{"start":{"line":15,"column":6},"end":{"line":25,"column":7}},"14":{"start":{"line":16,"column":28},"end":{"line":16,"column":49}},"15":{"start":{"line":17,"column":25},"end":{"line":17,"column":61}},"16":{"start":{"line":19,"column":8},"end":{"line":24,"column":9}},"17":{"start":{"line":20,"column":39},"end":{"line":20,"column":77}},"18":{"start":{"line":21,"column":10},"end":{"line":23,"column":11}},"19":{"start":{"line":22,"column":12},"end":{"line":22,"column":45}},"20":{"start":{"line":27,"column":6},"end":{"line":27,"column":37}},"21":{"start":{"line":30,"column":4},"end":{"line":30,"column":30}}},"fnMap":{"0":{"name":"(anonymous_0)","decl":{"start":{"line":7,"column":43},"end":{"line":7,"column":44}},"loc":{"start":{"line":7,"column":57},"end":{"line":32,"column":1}},"line":7},"1":{"name":"(anonymous_1)","decl":{"start":{"line":13,"column":39},"end":{"line":13,"column":40}},"loc":{"start":{"line":13,"column":47},"end":{"line":13,"column":70}},"line":13}},"branchMap":{"0":{"loc":{"start":{"line":10,"column":4},"end":{"line":28,"column":5}},"type":"if","locations":[{"start":{"line":10,"column":4},"end":{"line":28,"column":5}},{"start":{"line":10,"column":4},"end":{"line":28,"column":5}}],"line":10},"1":{"loc":{"start":{"line":19,"column":8},"end":{"line":24,"column":9}},"type":"if","locations":[{"start":{"line":19,"column":8},"end":{"line":24,"column":9}},{"start":{"line":19,"column":8},"end":{"line":24,"column":9}}],"line":19},"2":{"loc":{"start":{"line":19,"column":12},"end":{"line":19,"column":50}},"type":"binary-expr","locations":[{"start":{"line":19,"column":12},"end":{"line":19,"column":34}},{"start":{"line":19,"column":38},"end":{"line":19,"column":50}}],"line":19},"3":{"loc":{"start":{"line":21,"column":10},"end":{"line":23,"column":11}},"type":"if","locations":[{"start":{"line":21,"column":10},"end":{"line":23,"column":11}},{"start":{"line":21,"column":10},"end":{"line":23,"column":11}}],"line":21}},"s":{"0":2,"1":2,"2":2,"3":2,"4":2,"5":2,"6":4,"7":4,"8":4,"9":4,"10":4,"11":4,"12":6,"13":4,"14":5,"15":5,"16":5,"17":5,"18":4,"19":4,"20":3,"21":1},"f":{"0":4,"1":6},"b":{"0":[4,0],"1":[5,0],"2":[5,5],"3":[4,0]},"_coverageSchema":"43e27e138ebf9cfc5966b082cf9a028302ed4184","hash":"bbcde1eef8c36165fd120395fa972848f8d25495"}
,"C:\\Users\\webis\\Projects\\shri-homeworks\\07-React\\git-app\\src\\server\\src\\utils\\getBeautifiedCommits.js": {"path":"C:\\Users\\webis\\Projects\\shri-homeworks\\07-React\\git-app\\src\\server\\src\\utils\\getBeautifiedCommits.js","statementMap":{"0":{"start":{"line":1,"column":0},"end":{"line":8,"column":2}},"1":{"start":{"line":2,"column":13},"end":{"line":2,"column":58}},"2":{"start":{"line":3,"column":2},"end":{"line":7,"column":4}},"3":{"start":{"line":4,"column":17},"end":{"line":4,"column":19}},"4":{"start":{"line":5,"column":4},"end":{"line":5,"column":53}},"5":{"start":{"line":5,"column":29},"end":{"line":5,"column":51}},"6":{"start":{"line":6,"column":4},"end":{"line":6,"column":18}}},"fnMap":{"0":{"name":"(anonymous_0)","decl":{"start":{"line":1,"column":40},"end":{"line":1,"column":41}},"loc":{"start":{"line":1,"column":51},"end":{"line":8,"column":1}},"line":1},"1":{"name":"(anonymous_1)","decl":{"start":{"line":3,"column":19},"end":{"line":3,"column":20}},"loc":{"start":{"line":3,"column":28},"end":{"line":7,"column":3}},"line":3},"2":{"name":"(anonymous_2)","decl":{"start":{"line":5,"column":17},"end":{"line":5,"column":18}},"loc":{"start":{"line":5,"column":29},"end":{"line":5,"column":51}},"line":5}},"branchMap":{},"s":{"0":1,"1":2,"2":2,"3":3,"4":3,"5":12,"6":3},"f":{"0":2,"1":3,"2":12},"b":{},"_coverageSchema":"43e27e138ebf9cfc5966b082cf9a028302ed4184","hash":"bca602c0b0cf1f4ef6665173a83d68ee3b41b491"}
,"C:\\Users\\webis\\Projects\\shri-homeworks\\07-React\\git-app\\src\\server\\src\\utils\\getChunks.js": {"path":"C:\\Users\\webis\\Projects\\shri-homeworks\\07-React\\git-app\\src\\server\\src\\utils\\getChunks.js","statementMap":{"0":{"start":{"line":1,"column":0},"end":{"line":10,"column":2}},"1":{"start":{"line":2,"column":15},"end":{"line":2,"column":23}},"2":{"start":{"line":3,"column":2},"end":{"line":5,"column":3}},"3":{"start":{"line":4,"column":4},"end":{"line":4,"column":17}},"4":{"start":{"line":6,"column":2},"end":{"line":8,"column":3}},"5":{"start":{"line":7,"column":4},"end":{"line":7,"column":42}},"6":{"start":{"line":9,"column":2},"end":{"line":9,"column":14}}},"fnMap":{"0":{"name":"(anonymous_0)","decl":{"start":{"line":1,"column":29},"end":{"line":1,"column":30}},"loc":{"start":{"line":1,"column":65},"end":{"line":10,"column":1}},"line":1}},"branchMap":{"0":{"loc":{"start":{"line":1,"column":35},"end":{"line":1,"column":48}},"type":"default-arg","locations":[{"start":{"line":1,"column":47},"end":{"line":1,"column":48}}],"line":1},"1":{"loc":{"start":{"line":1,"column":50},"end":{"line":1,"column":60}},"type":"default-arg","locations":[{"start":{"line":1,"column":58},"end":{"line":1,"column":60}}],"line":1},"2":{"loc":{"start":{"line":3,"column":2},"end":{"line":5,"column":3}},"type":"if","locations":[{"start":{"line":3,"column":2},"end":{"line":5,"column":3}},{"start":{"line":3,"column":2},"end":{"line":5,"column":3}}],"line":3}},"s":{"0":2,"1":4,"2":4,"3":1,"4":3,"5":5,"6":3},"f":{"0":4},"b":{"0":[1],"1":[4],"2":[1,3]},"_coverageSchema":"43e27e138ebf9cfc5966b082cf9a028302ed4184","hash":"f01b9df2ad1a0b890a41c15032a6caca490a936c"}
,"C:\\Users\\webis\\Projects\\shri-homeworks\\07-React\\git-app\\src\\server\\src\\utils\\getFileStat.js": {"path":"C:\\Users\\webis\\Projects\\shri-homeworks\\07-React\\git-app\\src\\server\\src\\utils\\getFileStat.js","statementMap":{"0":{"start":{"line":1,"column":13},"end":{"line":1,"column":28}},"1":{"start":{"line":2,"column":11},"end":{"line":2,"column":24}},"2":{"start":{"line":3,"column":20},"end":{"line":3,"column":43}},"3":{"start":{"line":5,"column":0},"end":{"line":11,"column":2}},"4":{"start":{"line":6,"column":2},"end":{"line":10,"column":3}},"5":{"start":{"line":7,"column":4},"end":{"line":7,"column":34}},"6":{"start":{"line":9,"column":4},"end":{"line":9,"column":16}}},"fnMap":{"0":{"name":"(anonymous_0)","decl":{"start":{"line":5,"column":31},"end":{"line":5,"column":32}},"loc":{"start":{"line":5,"column":46},"end":{"line":11,"column":1}},"line":5}},"branchMap":{},"s":{"0":2,"1":2,"2":2,"3":2,"4":15,"5":15,"6":3},"f":{"0":15},"b":{},"_coverageSchema":"43e27e138ebf9cfc5966b082cf9a028302ed4184","hash":"f8169de2cf28656f74d5c6656875a055a08aac33"}
}
