TN:
SF:C:\Users\webis\Desktop\shri\07-React\git-app\src\server\src\routes.js
FN:17,(anonymous_0)
FN:22,(anonymous_1)
FN:27,(anonymous_2)
FN:43,(anonymous_3)
FN:56,(anonymous_4)
FN:70,(anonymous_5)
FN:90,(anonymous_6)
FN:104,(anonymous_7)
FN:116,(anonymous_8)
FNF:9
FNH:9
FNDA:1,(anonymous_0)
FNDA:2,(anonymous_1)
FNDA:4,(anonymous_2)
FNDA:2,(anonymous_3)
FNDA:3,(anonymous_4)
FNDA:2,(anonymous_5)
FNDA:3,(anonymous_6)
FNDA:2,(anonymous_7)
FNDA:1,(anonymous_8)
DA:1,1
DA:2,1
DA:3,1
DA:4,1
DA:6,1
DA:7,1
DA:8,1
DA:9,1
DA:10,1
DA:11,1
DA:12,1
DA:14,1
DA:17,1
DA:18,1
DA:22,1
DA:23,2
DA:27,1
DA:28,4
DA:29,4
DA:31,4
DA:39,4
DA:43,1
DA:44,2
DA:46,2
DA:52,2
DA:56,1
DA:57,3
DA:59,3
DA:66,3
DA:70,1
DA:71,2
DA:73,2
DA:80,2
DA:83,1
DA:85,1
DA:90,1
DA:91,3
DA:92,3
DA:94,3
DA:100,3
DA:104,1
DA:105,2
DA:107,2
DA:112,2
DA:116,1
DA:117,1
DA:120,1
LF:47
LH:47
BRDA:80,0,0,1
BRDA:80,0,1,1
BRF:2
BRH:2
end_of_record
TN:
SF:C:\Users\webis\Desktop\shri\07-React\git-app\src\server\src\server.js
FNF:0
FNH:0
DA:1,1
DA:2,1
DA:3,1
DA:4,1
DA:6,1
DA:7,1
DA:8,1
DA:9,1
DA:15,1
LF:9
LH:9
BRF:0
BRH:0
end_of_record
TN:
SF:C:\Users\webis\Desktop\shri\07-React\git-app\src\server\src\handlers\deleteRepo.js
FN:6,(anonymous_0)
FN:14,(anonymous_1)
FNF:2
FNH:1
FNDA:2,(anonymous_0)
FNDA:0,(anonymous_1)
DA:1,1
DA:2,1
DA:4,1
DA:6,1
DA:7,2
DA:8,2
DA:10,2
DA:12,2
DA:13,1
DA:14,1
DA:15,1
DA:17,0
DA:20,1
LF:13
LH:12
BRDA:12,0,0,1
BRDA:12,0,1,1
BRF:2
BRH:2
end_of_record
TN:
SF:C:\Users\webis\Desktop\shri\07-React\git-app\src\server\src\handlers\getAllFilesByCommit.js
FN:6,(anonymous_0)
FN:23,(anonymous_1)
FNF:2
FNH:2
FNDA:3,(anonymous_0)
FNDA:4,(anonymous_1)
DA:1,1
DA:2,1
DA:3,1
DA:4,1
DA:6,1
DA:7,3
DA:8,3
DA:9,3
DA:12,3
DA:13,0
DA:14,3
DA:15,1
DA:16,2
DA:17,2
DA:20,3
DA:21,3
DA:22,1
DA:23,4
DA:24,1
DA:26,2
LF:20
LH:19
BRDA:12,0,0,0
BRDA:12,0,1,3
BRDA:12,1,0,3
BRDA:12,1,1,1
BRDA:14,2,0,1
BRDA:14,2,1,2
BRDA:14,3,0,3
BRDA:14,3,1,1
BRDA:16,4,0,2
BRDA:16,4,1,0
BRDA:16,5,0,2
BRDA:16,5,1,2
BRF:12
BRH:10
end_of_record
TN:
SF:C:\Users\webis\Desktop\shri\07-React\git-app\src\server\src\handlers\getAllRepoFiles.js
FN:3,(anonymous_0)
FNF:1
FNH:1
FNDA:2,(anonymous_0)
DA:1,1
DA:3,1
DA:4,2
DA:5,2
DA:6,2
DA:8,0
LF:6
LH:5
BRF:0
BRH:0
end_of_record
TN:
SF:C:\Users\webis\Desktop\shri\07-React\git-app\src\server\src\handlers\getBlob.js
FN:7,(anonymous_0)
FNF:1
FNH:1
FNDA:2,(anonymous_0)
DA:1,1
DA:2,1
DA:3,1
DA:4,1
DA:5,1
DA:7,1
DA:8,2
DA:9,2
DA:10,2
DA:12,2
DA:13,2
DA:14,1
DA:15,1
DA:17,1
LF:14
LH:14
BRF:0
BRH:0
end_of_record
TN:
SF:C:\Users\webis\Desktop\shri\07-React\git-app\src\server\src\handlers\getCommits.js
FN:9,(anonymous_0)
FNF:1
FNH:1
FNDA:4,(anonymous_0)
DA:1,1
DA:2,1
DA:3,1
DA:4,1
DA:6,1
DA:7,1
DA:9,1
DA:10,4
DA:11,4
DA:12,4
DA:13,4
DA:15,4
DA:16,1
DA:18,3
DA:21,4
DA:22,4
DA:23,2
DA:24,2
DA:25,2
DA:27,2
LF:20
LH:20
BRDA:15,0,0,1
BRDA:15,0,1,3
BRDA:15,1,0,4
BRDA:15,1,1,1
BRF:4
BRH:4
end_of_record
TN:
SF:C:\Users\webis\Desktop\shri\07-React\git-app\src\server\src\handlers\getDiff.js
FN:6,(anonymous_0)
FNF:1
FNH:1
FNDA:2,(anonymous_0)
DA:1,1
DA:2,1
DA:3,1
DA:4,1
DA:6,1
DA:7,2
DA:9,2
DA:10,2
DA:12,2
DA:13,2
DA:14,1
DA:15,1
DA:17,1
LF:13
LH:13
BRF:0
BRH:0
end_of_record
TN:
SF:C:\Users\webis\Desktop\shri\07-React\git-app\src\server\src\handlers\getDownloadRepo.js
FN:8,(anonymous_0)
FNF:1
FNH:1
FNDA:3,(anonymous_0)
DA:1,1
DA:2,1
DA:3,1
DA:4,1
DA:6,1
DA:8,1
DA:9,3
DA:10,3
DA:11,3
DA:13,3
DA:15,3
DA:16,2
DA:17,2
DA:18,1
DA:20,1
DA:23,1
LF:16
LH:16
BRDA:15,0,0,2
BRDA:15,0,1,1
BRF:2
BRH:2
end_of_record
TN:
SF:C:\Users\webis\Desktop\shri\07-React\git-app\src\server\src\utils\getAllFilesInsideFolder.js
FN:7,(anonymous_0)
FN:13,(anonymous_1)
FNF:2
FNH:2
FNDA:4,(anonymous_0)
FNDA:9,(anonymous_1)
DA:1,2
DA:2,2
DA:3,2
DA:4,2
DA:5,2
DA:7,2
DA:8,4
DA:9,4
DA:10,4
DA:11,4
DA:12,4
DA:13,9
DA:15,4
DA:16,8
DA:17,8
DA:19,8
DA:20,5
DA:21,4
DA:22,4
DA:27,3
DA:30,1
LF:21
LH:21
BRDA:10,0,0,4
BRDA:10,0,1,0
BRDA:19,1,0,5
BRDA:19,1,1,3
BRDA:19,2,0,8
BRDA:19,2,1,8
BRDA:21,3,0,4
BRDA:21,3,1,0
BRF:8
BRH:6
end_of_record
TN:
SF:C:\Users\webis\Desktop\shri\07-React\git-app\src\server\src\utils\getBeautifiedCommits.js
FN:1,(anonymous_0)
FN:3,(anonymous_1)
FN:5,(anonymous_2)
FNF:3
FNH:3
FNDA:2,(anonymous_0)
FNDA:3,(anonymous_1)
FNDA:12,(anonymous_2)
DA:1,1
DA:2,2
DA:3,2
DA:4,3
DA:5,12
DA:6,3
LF:6
LH:6
BRF:0
BRH:0
end_of_record
TN:
SF:C:\Users\webis\Desktop\shri\07-React\git-app\src\server\src\utils\getChunks.js
FN:1,(anonymous_0)
FNF:1
FNH:1
FNDA:4,(anonymous_0)
DA:1,2
DA:2,4
DA:3,4
DA:4,1
DA:6,3
DA:7,5
DA:9,3
LF:7
LH:7
BRDA:1,0,0,1
BRDA:1,1,0,4
BRDA:3,2,0,1
BRDA:3,2,1,3
BRF:4
BRH:4
end_of_record
TN:
SF:C:\Users\webis\Desktop\shri\07-React\git-app\src\server\src\utils\getFileStat.js
FN:5,(anonymous_0)
FNF:1
FNH:1
FNDA:18,(anonymous_0)
DA:1,2
DA:2,2
DA:3,2
DA:5,2
DA:6,18
DA:7,18
DA:9,3
LF:7
LH:7
BRF:0
BRH:0
end_of_record
